<?xml version="1.0" encoding="UTF-8" standalone="no"?>
<!DOCTYPE log SYSTEM "logger.dtd">
<log>
<record>
  <date>2013-10-21T17:52:37</date>
  <millis>1382374357745</millis>
  <sequence>0</sequence>
  <logger>se.sics.tac.aw.TACAgent</logger>
  <level>FINE</level>
  <class>se.sics.tac.aw.TACAgent</class>
  <method>&lt;init&gt;</method>
  <thread>1</thread>
  <message>Starting TAC AgentWare version Beta 9</message>
</record>
<record>
  <date>2013-10-21T17:52:37</date>
  <millis>1382374357746</millis>
  <sequence>1</sequence>
  <logger>se.sics.tac.aw.TACAgent</logger>
  <level>FINE</level>
  <class>se.sics.tac.aw.TACAgent</class>
  <method>&lt;init&gt;</method>
  <thread>1</thread>
  <message>Using agent implementation se.sics.tac.aw.DummyAgent</message>
</record>
<record>
  <date>2013-10-21T17:52:37</date>
  <millis>1382374357747</millis>
  <sequence>2</sequence>
  <logger>se.sics.tac.aw.TACAgent</logger>
  <level>FINE</level>
  <class>se.sics.tac.aw.TACAgent</class>
  <method>&lt;init&gt;</method>
  <thread>1</thread>
  <message>Using TAC server tac.cs.bath.ac.uk at port 46501</message>
</record>
<record>
  <date>2013-10-21T17:52:37</date>
  <millis>1382374357750</millis>
  <sequence>3</sequence>
  <logger>se.sics.tac.aw.TACReader</logger>
  <level>FINE</level>
  <class>se.sics.tac.aw.TACReader</class>
  <method>doConnect</method>
  <thread>1</thread>
  <message>Connecting to server tac.cs.bath.ac.uk:46501</message>
</record>
<record>
  <date>2013-10-21T17:52:37</date>
  <millis>1382374357771</millis>
  <sequence>4</sequence>
  <logger>se.sics.tac.aw.TACMessage</logger>
  <level>FINEST</level>
  <class>se.sics.tac.aw.TACMessage</class>
  <method>setReceivedMessage</method>
  <thread>9</thread>
  <message>XML out: '&lt;auth&gt;&lt;userName&gt;Tacca&lt;/userName&gt;&lt;userPW&gt;tarqa2&lt;/userPW&gt;&lt;/auth&gt;'</message>
</record>
<record>
  <date>2013-10-21T17:52:37</date>
  <millis>1382374357772</millis>
  <sequence>5</sequence>
  <logger>se.sics.tac.aw.TACMessage</logger>
  <level>FINEST</level>
  <class>se.sics.tac.aw.TACMessage</class>
  <method>setReceivedMessage</method>
  <thread>9</thread>
  <message>XML in: '&lt;?xml version="1.0"?&gt;&lt;auth&gt;&lt;userID&gt;341&lt;/userID&gt;&lt;commandStatus&gt;0&lt;/commandStatus&gt;&lt;/auth&gt;' responseTime: 3 avg: 3.0 count: 1</message>
</record>
<record>
  <date>2013-10-21T17:52:37</date>
  <millis>1382374357772</millis>
  <sequence>6</sequence>
  <logger>se.sics.tac.aw.TACAgent</logger>
  <level>FINE</level>
  <class>se.sics.tac.aw.TACAgent</class>
  <method>handleLogin</method>
  <thread>9</thread>
  <message>Logged in as 341</message>
</record>
<record>
  <date>2013-10-21T17:52:37</date>
  <millis>1382374357775</millis>
  <sequence>7</sequence>
  <logger>se.sics.tac.aw.TACMessage</logger>
  <level>FINEST</level>
  <class>se.sics.tac.aw.TACMessage</class>
  <method>setReceivedMessage</method>
  <thread>9</thread>
  <message>XML out: '&lt;serverTime&gt;&lt;/serverTime&gt;'</message>
</record>
<record>
  <date>2013-10-21T17:52:37</date>
  <millis>1382374357776</millis>
  <sequence>8</sequence>
  <logger>se.sics.tac.aw.TACMessage</logger>
  <level>FINEST</level>
  <class>se.sics.tac.aw.TACMessage</class>
  <method>setReceivedMessage</method>
  <thread>9</thread>
  <message>XML in: '&lt;?xml version="1.0"?&gt;&lt;serverTime&gt;&lt;time&gt;1382374357&lt;/time&gt;&lt;commandStatus&gt;0&lt;/commandStatus&gt;&lt;/serverTime&gt;' responseTime: 3 avg: 3.0 count: 2</message>
</record>
<record>
  <date>2013-10-21T17:52:37</date>
  <millis>1382374357776</millis>
  <sequence>9</sequence>
  <logger>se.sics.tac.aw.TACAgent</logger>
  <level>FINE</level>
  <class>se.sics.tac.aw.TACAgent</class>
  <method>handleServerTime</method>
  <thread>9</thread>
  <message>Setting server time diff to 0 seconds</message>
</record>
<record>
  <date>2013-10-21T17:52:37</date>
  <millis>1382374357778</millis>
  <sequence>10</sequence>
  <logger>se.sics.tac.aw.TACMessage</logger>
  <level>FINEST</level>
  <class>se.sics.tac.aw.TACMessage</class>
  <method>setReceivedMessage</method>
  <thread>9</thread>
  <message>XML out: '&lt;nextGame&gt;&lt;/nextGame&gt;'</message>
</record>
<record>
  <date>2013-10-21T17:52:37</date>
  <millis>1382374357779</millis>
  <sequence>11</sequence>
  <logger>se.sics.tac.aw.TACMessage</logger>
  <level>FINEST</level>
  <class>se.sics.tac.aw.TACMessage</class>
  <method>setReceivedMessage</method>
  <thread>9</thread>
  <message>XML in: '&lt;?xml version="1.0"?&gt;&lt;nextGame&gt;&lt;gameID&gt;1903&lt;/gameID&gt;&lt;startTime&gt;1382374500&lt;/startTime&gt;&lt;gameType&gt;0&lt;/gameType&gt;&lt;commandStatus&gt;0&lt;/commandStatus&gt;&lt;/nextGame&gt;' responseTime: 6 avg: 4.0 count: 3</message>
</record>
<record>
  <date>2013-10-21T17:52:37</date>
  <millis>1382374357779</millis>
  <sequence>12</sequence>
  <logger>se.sics.tac.aw.TACAgent</logger>
  <level>FINE</level>
  <class>se.sics.tac.aw.TACAgent</class>
  <method>handleNextGame</method>
  <thread>9</thread>
  <message>Next Game -&gt; 1903 (should wait 142)</message>
</record>
<record>
  <date>2013-10-21T17:52:37</date>
  <millis>1382374357780</millis>
  <sequence>13</sequence>
  <logger>se.sics.tac.aw.TACAgent</logger>
  <level>FINE</level>
  <class>se.sics.tac.aw.TACAgent</class>
  <method>reset</method>
  <thread>9</thread>
  <message>performing connection reset</message>
</record>
