<?xml version="1.0" encoding="UTF-8" standalone="no"?>
<!DOCTYPE log SYSTEM "logger.dtd">
<log>
<record>
  <date>2013-10-21T15:00:41</date>
  <millis>1382364041375</millis>
  <sequence>14497</sequence>
  <logger>se.sics.tac.aw.DummyAgent</logger>
  <level>FINE</level>
  <class>se.sics.tac.aw.DummyAgent</class>
  <method>quoteUpdated</method>
  <thread>19</thread>
  <message>got quote for auction 2 with price 283.0( delta: -4.0)</message>
</record>
<record>
  <date>2013-10-21T15:00:41</date>
  <millis>1382364041375</millis>
  <sequence>14498</sequence>
  <logger>se.sics.tac.aw.TACMessage</logger>
  <level>FINEST</level>
  <class>se.sics.tac.aw.TACMessage</class>
  <method>setReceivedMessage</method>
  <thread>19</thread>
  <message>requesting quotes for auction 3 (Inflight 4)</message>
</record>
<record>
  <date>2013-10-21T15:00:41</date>
  <millis>1382364041375</millis>
  <sequence>14499</sequence>
  <logger>se.sics.tac.aw.TACMessage</logger>
  <level>FINEST</level>
  <class>se.sics.tac.aw.TACMessage</class>
  <method>setReceivedMessage</method>
  <thread>19</thread>
  <message>XML out: '&lt;getQuote&gt;&lt;auctionID&gt;52672&lt;/auctionID&gt;&lt;/getQuote&gt;'</message>
</record>
<record>
  <date>2013-10-21T15:00:41</date>
  <millis>1382364041375</millis>
  <sequence>14500</sequence>
  <logger>se.sics.tac.aw.TACMessage</logger>
  <level>FINEST</level>
  <class>se.sics.tac.aw.TACMessage</class>
  <method>setReceivedMessage</method>
  <thread>19</thread>
  <message>XML in: '&lt;?xml version="1.0"?&gt;&lt;getQuote&gt;&lt;lastAskPrice&gt;321.0000&lt;/lastAskPrice&gt;&lt;lastBidPrice&gt;0.0000&lt;/lastBidPrice&gt;&lt;lastQuoteTime&gt;1382364040&lt;/lastQuoteTime&gt;&lt;nextQuoteTime&gt;1382364050&lt;/nextQuoteTime&gt;&lt;lastClearPrice&gt;309.0000&lt;/lastClearPrice&gt;&lt;lastClearTime&gt;1382363762&lt;/lastClearTime&gt;&lt;finalClearTime&gt;1382364300&lt;/finalClearTime&gt;&lt;nextClearTime&gt;0&lt;/nextClearTime&gt;&lt;hypotheticalQuantityWon&gt; &lt;/hypotheticalQuantityWon&gt;&lt;auctionStatus&gt;1&lt;/auctionStatus&gt;&lt;commandStatus&gt;0&lt;/commandStatus&gt;&lt;/getQuote&gt;' responseTime: 10 avg: 15.0 count: 668</message>
</record>
<record>
  <date>2013-10-21T15:00:41</date>
  <millis>1382364041375</millis>
  <sequence>14501</sequence>
  <logger>se.sics.tac.aw.DummyAgent</logger>
  <level>FINE</level>
  <class>se.sics.tac.aw.DummyAgent</class>
  <method>quoteUpdated</method>
  <thread>19</thread>
  <message>got quote for auction 3 with price 321.0( delta: -1.0)</message>
</record>
<record>
  <date>2013-10-21T15:00:41</date>
  <millis>1382364041375</millis>
  <sequence>14502</sequence>
  <logger>se.sics.tac.aw.TACMessage</logger>
  <level>FINEST</level>
  <class>se.sics.tac.aw.TACMessage</class>
  <method>setReceivedMessage</method>
  <thread>19</thread>
  <message>requesting quotes for auction 4 (Outflight 2)</message>
</record>
<record>
  <date>2013-10-21T15:00:41</date>
  <millis>1382364041376</millis>
  <sequence>14503</sequence>
  <logger>se.sics.tac.aw.TACMessage</logger>
  <level>FINEST</level>
  <class>se.sics.tac.aw.TACMessage</class>
  <method>setReceivedMessage</method>
  <thread>19</thread>
  <message>XML out: '&lt;getQuote&gt;&lt;auctionID&gt;52673&lt;/auctionID&gt;&lt;/getQuote&gt;'</message>
</record>
<record>
  <date>2013-10-21T15:00:41</date>
  <millis>1382364041376</millis>
  <sequence>14504</sequence>
  <logger>se.sics.tac.aw.TACMessage</logger>
  <level>FINEST</level>
  <class>se.sics.tac.aw.TACMessage</class>
  <method>setReceivedMessage</method>
  <thread>19</thread>
  <message>XML in: '&lt;?xml version="1.0"?&gt;&lt;getQuote&gt;&lt;lastAskPrice&gt;373.0000&lt;/lastAskPrice&gt;&lt;lastBidPrice&gt;0.0000&lt;/lastBidPrice&gt;&lt;lastQuoteTime&gt;1382364040&lt;/lastQuoteTime&gt;&lt;nextQuoteTime&gt;1382364050&lt;/nextQuoteTime&gt;&lt;lastClearPrice&gt;388.0000&lt;/lastClearPrice&gt;&lt;lastClearTime&gt;1382363761&lt;/lastClearTime&gt;&lt;finalClearTime&gt;1382364300&lt;/finalClearTime&gt;&lt;nextClearTime&gt;0&lt;/nextClearTime&gt;&lt;hypotheticalQuantityWon&gt; &lt;/hypotheticalQuantityWon&gt;&lt;auctionStatus&gt;1&lt;/auctionStatus&gt;&lt;commandStatus&gt;0&lt;/commandStatus&gt;&lt;/getQuote&gt;' responseTime: 10 avg: 15.0 count: 669</message>
</record>
<record>
  <date>2013-10-21T15:00:41</date>
  <millis>1382364041376</millis>
  <sequence>14505</sequence>
  <logger>se.sics.tac.aw.DummyAgent</logger>
  <level>FINE</level>
  <class>se.sics.tac.aw.DummyAgent</class>
  <method>quoteUpdated</method>
  <thread>19</thread>
  <message>got quote for auction 4 with price 373.0( delta: -3.0)</message>
</record>
<record>
  <date>2013-10-21T15:00:41</date>
  <millis>1382364041376</millis>
  <sequence>14506</sequence>
  <logger>se.sics.tac.aw.TACMessage</logger>
  <level>FINEST</level>
  <class>se.sics.tac.aw.TACMessage</class>
  <method>setReceivedMessage</method>
  <thread>19</thread>
  <message>requesting quotes for auction 5 (Outflight 3)</message>
</record>
<record>
  <date>2013-10-21T15:00:41</date>
  <millis>1382364041376</millis>
  <sequence>14507</sequence>
  <logger>se.sics.tac.aw.TACMessage</logger>
  <level>FINEST</level>
  <class>se.sics.tac.aw.TACMessage</class>
  <method>setReceivedMessage</method>
  <thread>19</thread>
  <message>XML out: '&lt;getQuote&gt;&lt;auctionID&gt;52674&lt;/auctionID&gt;&lt;/getQuote&gt;'</message>
</record>
<record>
  <date>2013-10-21T15:00:41</date>
  <millis>1382364041376</millis>
  <sequence>14508</sequence>
  <logger>se.sics.tac.aw.TACMessage</logger>
  <level>FINEST</level>
  <class>se.sics.tac.aw.TACMessage</class>
  <method>setReceivedMessage</method>
  <thread>19</thread>
  <message>XML in: '&lt;?xml version="1.0"?&gt;&lt;getQuote&gt;&lt;lastAskPrice&gt;332.0000&lt;/lastAskPrice&gt;&lt;lastBidPrice&gt;0.0000&lt;/lastBidPrice&gt;&lt;lastQuoteTime&gt;1382364040&lt;/lastQuoteTime&gt;&lt;nextQuoteTime&gt;1382364050&lt;/nextQuoteTime&gt;&lt;lastClearPrice&gt;343.0000&lt;/lastClearPrice&gt;&lt;lastClearTime&gt;1382363951&lt;/lastClearTime&gt;&lt;finalClearTime&gt;1382364300&lt;/finalClearTime&gt;&lt;nextClearTime&gt;0&lt;/nextClearTime&gt;&lt;hypotheticalQuantityWon&gt; &lt;/hypotheticalQuantityWon&gt;&lt;auctionStatus&gt;1&lt;/auctionStatus&gt;&lt;commandStatus&gt;0&lt;/commandStatus&gt;&lt;/getQuote&gt;' responseTime: 11 avg: 15.0 count: 670</message>
</record>
<record>
  <date>2013-10-21T15:00:41</date>
  <millis>1382364041376</millis>
  <sequence>14509</sequence>
  <logger>se.sics.tac.aw.DummyAgent</logger>
  <level>FINE</level>
  <class>se.sics.tac.aw.DummyAgent</class>
  <method>quoteUpdated</method>
  <thread>19</thread>
  <message>got quote for auction 5 with price 332.0( delta: -1.0)</message>
</record>
<record>
  <date>2013-10-21T15:00:41</date>
  <millis>1382364041376</millis>
  <sequence>14510</sequence>
  <logger>se.sics.tac.aw.TACMessage</logger>
  <level>FINEST</level>
  <class>se.sics.tac.aw.TACMessage</class>
  <method>setReceivedMessage</method>
  <thread>19</thread>
  <message>requesting quotes for auction 6 (Outflight 4)</message>
</record>
<record>
  <date>2013-10-21T15:00:41</date>
  <millis>1382364041376</millis>
  <sequence>14511</sequence>
  <logger>se.sics.tac.aw.TACMessage</logger>
  <level>FINEST</level>
  <class>se.sics.tac.aw.TACMessage</class>
  <method>setReceivedMessage</method>
  <thread>19</thread>
  <message>XML out: '&lt;getQuote&gt;&lt;auctionID&gt;52675&lt;/auctionID&gt;&lt;/getQuote&gt;'</message>
</record>
<record>
  <date>2013-10-21T15:00:41</date>
  <millis>1382364041376</millis>
  <sequence>14512</sequence>
  <logger>se.sics.tac.aw.TACMessage</logger>
  <level>FINEST</level>
  <class>se.sics.tac.aw.TACMessage</class>
  <method>setReceivedMessage</method>
  <thread>19</thread>
  <message>XML in: '&lt;?xml version="1.0"?&gt;&lt;getQuote&gt;&lt;lastAskPrice&gt;228.0000&lt;/lastAskPrice&gt;&lt;lastBidPrice&gt;0.0000&lt;/lastBidPrice&gt;&lt;lastQuoteTime&gt;1382364040&lt;/lastQuoteTime&gt;&lt;nextQuoteTime&gt;1382364050&lt;/nextQuoteTime&gt;&lt;lastClearPrice&gt;245.0000&lt;/lastClearPrice&gt;&lt;lastClearTime&gt;1382363991&lt;/lastClearTime&gt;&lt;finalClearTime&gt;1382364300&lt;/finalClearTime&gt;&lt;nextClearTime&gt;0&lt;/nextClearTime&gt;&lt;hypotheticalQuantityWon&gt; &lt;/hypotheticalQuantityWon&gt;&lt;auctionStatus&gt;1&lt;/auctionStatus&gt;&lt;commandStatus&gt;0&lt;/commandStatus&gt;&lt;/getQuote&gt;' responseTime: 11 avg: 15.0 count: 671</message>
</record>
<record>
  <date>2013-10-21T15:00:41</date>
  <millis>1382364041376</millis>
  <sequence>14513</sequence>
  <logger>se.sics.tac.aw.DummyAgent</logger>
  <level>FINE</level>
  <class>se.sics.tac.aw.DummyAgent</class>
  <method>quoteUpdated</method>
  <thread>19</thread>
  <message>got quote for auction 6 with price 228.0( delta: -10.0)</message>
</record>
<record>
  <date>2013-10-21T15:00:41</date>
  <millis>1382364041377</millis>
  <sequence>14514</sequence>
  <logger>se.sics.tac.aw.TACMessage</logger>
  <level>FINEST</level>
  <class>se.sics.tac.aw.TACMessage</class>
  <method>setReceivedMessage</method>
  <thread>19</thread>
  <message>requesting quotes for auction 7 (Outflight 5)</message>
</record>
<record>
  <date>2013-10-21T15:00:41</date>
  <millis>1382364041377</millis>
  <sequence>14515</sequence>
  <logger>se.sics.tac.aw.TACMessage</logger>
  <level>FINEST</level>
  <class>se.sics.tac.aw.TACMessage</class>
  <method>setReceivedMessage</method>
  <thread>19</thread>
  <message>XML out: '&lt;getQuote&gt;&lt;auctionID&gt;52676&lt;/auctionID&gt;&lt;/getQuote&gt;'</message>
</record>
<record>
  <date>2013-10-21T15:00:41</date>
  <millis>1382364041377</millis>
  <sequence>14516</sequence>
  <logger>se.sics.tac.aw.TACMessage</logger>
  <level>FINEST</level>
  <class>se.sics.tac.aw.TACMessage</class>
  <method>setReceivedMessage</method>
  <thread>19</thread>
  <message>XML in: '&lt;?xml version="1.0"?&gt;&lt;getQuote&gt;&lt;lastAskPrice&gt;255.0000&lt;/lastAskPrice&gt;&lt;lastBidPrice&gt;0.0000&lt;/lastBidPrice&gt;&lt;lastQuoteTime&gt;1382364040&lt;/lastQuoteTime&gt;&lt;nextQuoteTime&gt;1382364050&lt;/nextQuoteTime&gt;&lt;lastClearPrice&gt;257.0000&lt;/lastClearPrice&gt;&lt;lastClearTime&gt;1382364001&lt;/lastClearTime&gt;&lt;finalClearTime&gt;1382364300&lt;/finalClearTime&gt;&lt;nextClearTime&gt;0&lt;/nextClearTime&gt;&lt;hypotheticalQuantityWon&gt; &lt;/hypotheticalQuantityWon&gt;&lt;auctionStatus&gt;1&lt;/auctionStatus&gt;&lt;commandStatus&gt;0&lt;/commandStatus&gt;&lt;/getQuote&gt;' responseTime: 12 avg: 15.0 count: 672</message>
</record>
<record>
  <date>2013-10-21T15:00:41</date>
  <millis>1382364041377</millis>
  <sequence>14517</sequence>
  <logger>se.sics.tac.aw.DummyAgent</logger>
  <level>FINE</level>
  <class>se.sics.tac.aw.DummyAgent</class>
  <method>quoteUpdated</method>
  <thread>19</thread>
  <message>got quote for auction 7 with price 255.0( delta: 1.0)</message>
</record>
<record>
  <date>2013-10-21T15:00:41</date>
  <millis>1382364041377</millis>
  <sequence>14518</sequence>
  <logger>se.sics.tac.aw.DummyAgent</logger>
  <level>FINE</level>
  <class>se.sics.tac.aw.DummyAgent</class>
  <method>quoteUpdated</method>
  <thread>19</thread>
  <message>All quotes for flight have been updated</message>
</record>
<record>
  <date>2013-10-21T15:00:41</date>
  <millis>1382364041377</millis>
  <sequence>14519</sequence>
  <logger>se.sics.tac.aw.DummyAgent</logger>
  <level>FINE</level>
  <class>se.sics.tac.aw.DummyAgent</class>
  <method>quoteUpdated</method>
  <thread>19</thread>
  <message>Predicting future flight minima after 281 seconds</message>
</record>
<record>
  <date>2013-10-21T15:00:41</date>
  <millis>1382364041377</millis>
  <sequence>14520</sequence>
  <logger>se.sics.tac.aw.DummyAgent</logger>
  <level>FINE</level>
  <class>se.sics.tac.aw.DummyAgent</class>
  <method>flight_predictions</method>
  <thread>19</thread>
  <message>Calculating for flight 0; 0 values for z remain.</message>
</record>
<record>
  <date>2013-10-21T15:00:41</date>
  <millis>1382364041377</millis>
  <sequence>14521</sequence>
  <logger>se.sics.tac.aw.DummyAgent</logger>
  <level>FINE</level>
  <class>se.sics.tac.aw.DummyAgent</class>
  <method>flight_predictions</method>
  <thread>19</thread>
  <message>Calculating for flight 1; 0 values for z remain.</message>
</record>
<record>
  <date>2013-10-21T15:00:41</date>
  <millis>1382364041377</millis>
  <sequence>14522</sequence>
  <logger>se.sics.tac.aw.DummyAgent</logger>
  <level>FINE</level>
  <class>se.sics.tac.aw.DummyAgent</class>
  <method>flight_predictions</method>
  <thread>19</thread>
  <message>Calculating for flight 2; 0 values for z remain.</message>
</record>
<record>
  <date>2013-10-21T15:00:41</date>
  <millis>1382364041378</millis>
  <sequence>14523</sequence>
  <logger>se.sics.tac.aw.DummyAgent</logger>
  <level>FINE</level>
  <class>se.sics.tac.aw.DummyAgent</class>
  <method>flight_predictions</method>
  <thread>19</thread>
  <message>Calculating for flight 3; 0 values for z remain.</message>
</record>
<record>
  <date>2013-10-21T15:00:41</date>
  <millis>1382364041378</millis>
  <sequence>14524</sequence>
  <logger>se.sics.tac.aw.DummyAgent</logger>
  <level>FINE</level>
  <class>se.sics.tac.aw.DummyAgent</class>
  <method>flight_predictions</method>
  <thread>19</thread>
  <message>Calculating for flight 4; 0 values for z remain.</message>
</record>
<record>
  <date>2013-10-21T15:00:41</date>
  <millis>1382364041378</millis>
  <sequence>14525</sequence>
  <logger>se.sics.tac.aw.DummyAgent</logger>
  <level>FINE</level>
  <class>se.sics.tac.aw.DummyAgent</class>
  <method>flight_predictions</method>
  <thread>19</thread>
  <message>Calculating for flight 5; 0 values for z remain.</message>
</record>
<record>
  <date>2013-10-21T15:00:41</date>
  <millis>1382364041378</millis>
  <sequence>14526</sequence>
  <logger>se.sics.tac.aw.DummyAgent</logger>
  <level>FINE</level>
  <class>se.sics.tac.aw.DummyAgent</class>
  <method>flight_predictions</method>
  <thread>19</thread>
  <message>Calculating for flight 6; 0 values for z remain.</message>
</record>
<record>
  <date>2013-10-21T15:00:41</date>
  <millis>1382364041378</millis>
  <sequence>14527</sequence>
  <logger>se.sics.tac.aw.DummyAgent</logger>
  <level>FINE</level>
  <class>se.sics.tac.aw.DummyAgent</class>
  <method>flight_predictions</method>
  <thread>19</thread>
  <message>Calculating for flight 7; 0 values for z remain.</message>
</record>
<record>
  <date>2013-10-21T15:00:41</date>
  <millis>1382364041378</millis>
  <sequence>14528</sequence>
  <logger>se.sics.tac.aw.DummyAgent</logger>
  <level>FINE</level>
  <class>se.sics.tac.aw.DummyAgent</class>
  <method>quoteUpdated</method>
  <thread>19</thread>
  <message>Flight 0: current price is 248.0, expected minimum is 0.0</message>
</record>
<record>
  <date>2013-10-21T15:00:41</date>
  <millis>1382364041378</millis>
  <sequence>14529</sequence>
  <logger>se.sics.tac.aw.DummyAgent</logger>
  <level>FINE</level>
  <class>se.sics.tac.aw.DummyAgent</class>
  <method>quoteUpdated</method>
  <thread>19</thread>
  <message>Flight 1: current price is 469.0, expected minimum is 0.0</message>
</record>
<record>
  <date>2013-10-21T15:00:41</date>
  <millis>1382364041378</millis>
  <sequence>14530</sequence>
  <logger>se.sics.tac.aw.DummyAgent</logger>
  <level>FINE</level>
  <class>se.sics.tac.aw.DummyAgent</class>
  <method>quoteUpdated</method>
  <thread>19</thread>
  <message>Flight 2: current price is 283.0, expected minimum is 0.0</message>
</record>
<record>
  <date>2013-10-21T15:00:41</date>
  <millis>1382364041378</millis>
  <sequence>14531</sequence>
  <logger>se.sics.tac.aw.DummyAgent</logger>
  <level>FINE</level>
  <class>se.sics.tac.aw.DummyAgent</class>
  <method>quoteUpdated</method>
  <thread>19</thread>
  <message>Flight 3: current price is 321.0, expected minimum is 0.0</message>
</record>
<record>
  <date>2013-10-21T15:00:41</date>
  <millis>1382364041378</millis>
  <sequence>14532</sequence>
  <logger>se.sics.tac.aw.DummyAgent</logger>
  <level>FINE</level>
  <class>se.sics.tac.aw.DummyAgent</class>
  <method>quoteUpdated</method>
  <thread>19</thread>
  <message>Flight 4: current price is 373.0, expected minimum is 0.0</message>
</record>
<record>
  <date>2013-10-21T15:00:41</date>
  <millis>1382364041380</millis>
  <sequence>14533</sequence>
  <logger>se.sics.tac.aw.DummyAgent</logger>
  <level>FINE</level>
  <class>se.sics.tac.aw.DummyAgent</class>
  <method>quoteUpdated</method>
  <thread>19</thread>
  <message>Flight 5: current price is 332.0, expected minimum is 0.0</message>
</record>
<record>
  <date>2013-10-21T15:00:41</date>
  <millis>1382364041380</millis>
  <sequence>14534</sequence>
  <logger>se.sics.tac.aw.DummyAgent</logger>
  <level>FINE</level>
  <class>se.sics.tac.aw.DummyAgent</class>
  <method>quoteUpdated</method>
  <thread>19</thread>
  <message>Flight 6: current price is 228.0, expected minimum is 0.0</message>
</record>
<record>
  <date>2013-10-21T15:00:41</date>
  <millis>1382364041380</millis>
  <sequence>14535</sequence>
  <logger>se.sics.tac.aw.DummyAgent</logger>
  <level>FINE</level>
  <class>se.sics.tac.aw.DummyAgent</class>
  <method>quoteUpdated</method>
  <thread>19</thread>
  <message>Flight 7: current price is 255.0, expected minimum is 0.0</message>
</record>
</log>
