<?xml version="1.0" encoding="UTF-8" standalone="no"?>
<!DOCTYPE log SYSTEM "logger.dtd">
<log>
<record>
  <date>2013-10-21T14:32:01</date>
  <millis>1382362321534</millis>
  <sequence>4205</sequence>
  <logger>se.sics.tac.aw.TACMessage</logger>
  <level>FINEST</level>
  <class>se.sics.tac.aw.TACMessage</class>
  <method>setReceivedMessage</method>
  <thread>18</thread>
  <message>XML out: '&lt;submitBid&gt;&lt;auctionID&gt;52630&lt;/auctionID&gt;&lt;bidString&gt;((2 50.156113))&lt;/bidString&gt;&lt;expireTime&gt;0&lt;/expireTime&gt;&lt;expireMode&gt;0&lt;/expireMode&gt;&lt;divisible&gt;1&lt;/divisible&gt;&lt;/submitBid&gt;'</message>
</record>
<record>
  <date>2013-10-21T14:32:01</date>
  <millis>1382362321534</millis>
  <sequence>4206</sequence>
  <logger>se.sics.tac.aw.TACMessage</logger>
  <level>FINEST</level>
  <class>se.sics.tac.aw.TACMessage</class>
  <method>setReceivedMessage</method>
  <thread>18</thread>
  <message>XML in: '&lt;?xml version="1.0"?&gt;&lt;submitBid&gt;&lt;bidID&gt;3674913&lt;/bidID&gt;&lt;bidHash&gt;((2 50.1561))&lt;/bidHash&gt;&lt;rejectReason&gt;0&lt;/rejectReason&gt;&lt;commandStatus&gt;0&lt;/commandStatus&gt;&lt;/submitBid&gt;' responseTime: 134 avg: 82.0 count: 69</message>
</record>
<record>
  <date>2013-10-21T14:32:01</date>
  <millis>1382362321534</millis>
  <sequence>4207</sequence>
  <logger>se.sics.tac.aw.TACMessage</logger>
  <level>FINEST</level>
  <class>se.sics.tac.aw.TACMessage</class>
  <method>setReceivedMessage</method>
  <thread>18</thread>
  <message>submitting bid (submitBid) to auction 19 (Alligator 4)</message>
</record>
<record>
  <date>2013-10-21T14:32:01</date>
  <millis>1382362321534</millis>
  <sequence>4208</sequence>
  <logger>se.sics.tac.aw.TACMessage</logger>
  <level>FINEST</level>
  <class>se.sics.tac.aw.TACMessage</class>
  <method>setReceivedMessage</method>
  <thread>18</thread>
  <message>XML out: '&lt;submitBid&gt;&lt;auctionID&gt;52632&lt;/auctionID&gt;&lt;bidString&gt;((-1 199.8125))&lt;/bidString&gt;&lt;expireTime&gt;0&lt;/expireTime&gt;&lt;expireMode&gt;0&lt;/expireMode&gt;&lt;divisible&gt;1&lt;/divisible&gt;&lt;/submitBid&gt;'</message>
</record>
<record>
  <date>2013-10-21T14:32:01</date>
  <millis>1382362321534</millis>
  <sequence>4209</sequence>
  <logger>se.sics.tac.aw.TACMessage</logger>
  <level>FINEST</level>
  <class>se.sics.tac.aw.TACMessage</class>
  <method>setReceivedMessage</method>
  <thread>18</thread>
  <message>XML in: '&lt;?xml version="1.0"?&gt;&lt;submitBid&gt;&lt;bidID&gt;3674914&lt;/bidID&gt;&lt;bidHash&gt;((-1 199.8125))&lt;/bidHash&gt;&lt;rejectReason&gt;0&lt;/rejectReason&gt;&lt;commandStatus&gt;0&lt;/commandStatus&gt;&lt;/submitBid&gt;' responseTime: 138 avg: 83.0 count: 70</message>
</record>
<record>
  <date>2013-10-21T14:32:01</date>
  <millis>1382362321535</millis>
  <sequence>4210</sequence>
  <logger>se.sics.tac.aw.TACMessage</logger>
  <level>FINEST</level>
  <class>se.sics.tac.aw.TACMessage</class>
  <method>setReceivedMessage</method>
  <thread>18</thread>
  <message>submitting bid (submitBid) to auction 22 (Amusement 3)</message>
</record>
<record>
  <date>2013-10-21T14:32:01</date>
  <millis>1382362321535</millis>
  <sequence>4211</sequence>
  <logger>se.sics.tac.aw.TACMessage</logger>
  <level>FINEST</level>
  <class>se.sics.tac.aw.TACMessage</class>
  <method>setReceivedMessage</method>
  <thread>18</thread>
  <message>XML out: '&lt;submitBid&gt;&lt;auctionID&gt;52635&lt;/auctionID&gt;&lt;bidString&gt;((-3 199.81117))&lt;/bidString&gt;&lt;expireTime&gt;0&lt;/expireTime&gt;&lt;expireMode&gt;0&lt;/expireMode&gt;&lt;divisible&gt;1&lt;/divisible&gt;&lt;/submitBid&gt;'</message>
</record>
<record>
  <date>2013-10-21T14:32:01</date>
  <millis>1382362321535</millis>
  <sequence>4212</sequence>
  <logger>se.sics.tac.aw.TACMessage</logger>
  <level>FINEST</level>
  <class>se.sics.tac.aw.TACMessage</class>
  <method>setReceivedMessage</method>
  <thread>18</thread>
  <message>XML in: '&lt;?xml version="1.0"?&gt;&lt;submitBid&gt;&lt;bidID&gt;3674915&lt;/bidID&gt;&lt;bidHash&gt;((-3 199.8112))&lt;/bidHash&gt;&lt;rejectReason&gt;0&lt;/rejectReason&gt;&lt;commandStatus&gt;0&lt;/commandStatus&gt;&lt;/submitBid&gt;' responseTime: 131 avg: 84.0 count: 71</message>
</record>
<record>
  <date>2013-10-21T14:32:01</date>
  <millis>1382362321535</millis>
  <sequence>4213</sequence>
  <logger>se.sics.tac.aw.TACMessage</logger>
  <level>FINEST</level>
  <class>se.sics.tac.aw.TACMessage</class>
  <method>setReceivedMessage</method>
  <thread>18</thread>
  <message>submitting bid (submitBid) to auction 23 (Amusement 4)</message>
</record>
<record>
  <date>2013-10-21T14:32:01</date>
  <millis>1382362321535</millis>
  <sequence>4214</sequence>
  <logger>se.sics.tac.aw.TACMessage</logger>
  <level>FINEST</level>
  <class>se.sics.tac.aw.TACMessage</class>
  <method>setReceivedMessage</method>
  <thread>18</thread>
  <message>XML out: '&lt;submitBid&gt;&lt;auctionID&gt;52636&lt;/auctionID&gt;&lt;bidString&gt;((1 50.1575))&lt;/bidString&gt;&lt;expireTime&gt;0&lt;/expireTime&gt;&lt;expireMode&gt;0&lt;/expireMode&gt;&lt;divisible&gt;1&lt;/divisible&gt;&lt;/submitBid&gt;'</message>
</record>
<record>
  <date>2013-10-21T14:32:01</date>
  <millis>1382362321535</millis>
  <sequence>4215</sequence>
  <logger>se.sics.tac.aw.TACMessage</logger>
  <level>FINEST</level>
  <class>se.sics.tac.aw.TACMessage</class>
  <method>setReceivedMessage</method>
  <thread>18</thread>
  <message>XML in: '&lt;?xml version="1.0"?&gt;&lt;submitBid&gt;&lt;bidID&gt;3674916&lt;/bidID&gt;&lt;bidHash&gt;((1 50.1575))&lt;/bidHash&gt;&lt;rejectReason&gt;0&lt;/rejectReason&gt;&lt;commandStatus&gt;0&lt;/commandStatus&gt;&lt;/submitBid&gt;' responseTime: 129 avg: 84.0 count: 72</message>
</record>
<record>
  <date>2013-10-21T14:32:01</date>
  <millis>1382362321535</millis>
  <sequence>4216</sequence>
  <logger>se.sics.tac.aw.TACMessage</logger>
  <level>FINEST</level>
  <class>se.sics.tac.aw.TACMessage</class>
  <method>setReceivedMessage</method>
  <thread>18</thread>
  <message>submitting bid (submitBid) to auction 24 (Museum 1)</message>
</record>
<record>
  <date>2013-10-21T14:32:01</date>
  <millis>1382362321535</millis>
  <sequence>4217</sequence>
  <logger>se.sics.tac.aw.TACMessage</logger>
  <level>FINEST</level>
  <class>se.sics.tac.aw.TACMessage</class>
  <method>setReceivedMessage</method>
  <thread>18</thread>
  <message>XML out: '&lt;submitBid&gt;&lt;auctionID&gt;52637&lt;/auctionID&gt;&lt;bidString&gt;((-3 199.81033))&lt;/bidString&gt;&lt;expireTime&gt;0&lt;/expireTime&gt;&lt;expireMode&gt;0&lt;/expireMode&gt;&lt;divisible&gt;1&lt;/divisible&gt;&lt;/submitBid&gt;'</message>
</record>
<record>
  <date>2013-10-21T14:32:01</date>
  <millis>1382362321536</millis>
  <sequence>4218</sequence>
  <logger>se.sics.tac.aw.TACMessage</logger>
  <level>FINEST</level>
  <class>se.sics.tac.aw.TACMessage</class>
  <method>setReceivedMessage</method>
  <thread>18</thread>
  <message>XML in: '&lt;?xml version="1.0"?&gt;&lt;submitBid&gt;&lt;bidID&gt;3674917&lt;/bidID&gt;&lt;bidHash&gt;((-3 199.8103))&lt;/bidHash&gt;&lt;rejectReason&gt;0&lt;/rejectReason&gt;&lt;commandStatus&gt;0&lt;/commandStatus&gt;&lt;/submitBid&gt;' responseTime: 126 avg: 85.0 count: 73</message>
</record>
<record>
  <date>2013-10-21T14:32:01</date>
  <millis>1382362321540</millis>
  <sequence>4219</sequence>
  <logger>se.sics.tac.aw.TACMessage</logger>
  <level>FINEST</level>
  <class>se.sics.tac.aw.TACMessage</class>
  <method>setReceivedMessage</method>
  <thread>18</thread>
  <message>submitting bid (submitBid) to auction 25 (Museum 2)</message>
</record>
<record>
  <date>2013-10-21T14:32:01</date>
  <millis>1382362321540</millis>
  <sequence>4220</sequence>
  <logger>se.sics.tac.aw.TACMessage</logger>
  <level>FINEST</level>
  <class>se.sics.tac.aw.TACMessage</class>
  <method>setReceivedMessage</method>
  <thread>18</thread>
  <message>XML out: '&lt;submitBid&gt;&lt;auctionID&gt;52638&lt;/auctionID&gt;&lt;bidString&gt;((-2 199.80983))&lt;/bidString&gt;&lt;expireTime&gt;0&lt;/expireTime&gt;&lt;expireMode&gt;0&lt;/expireMode&gt;&lt;divisible&gt;1&lt;/divisible&gt;&lt;/submitBid&gt;'</message>
</record>
<record>
  <date>2013-10-21T14:32:01</date>
  <millis>1382362321540</millis>
  <sequence>4221</sequence>
  <logger>se.sics.tac.aw.TACMessage</logger>
  <level>FINEST</level>
  <class>se.sics.tac.aw.TACMessage</class>
  <method>setReceivedMessage</method>
  <thread>18</thread>
  <message>XML in: '&lt;?xml version="1.0"?&gt;&lt;submitBid&gt;&lt;bidID&gt;3674918&lt;/bidID&gt;&lt;bidHash&gt;((-2 199.8098))&lt;/bidHash&gt;&lt;rejectReason&gt;0&lt;/rejectReason&gt;&lt;commandStatus&gt;0&lt;/commandStatus&gt;&lt;/submitBid&gt;' responseTime: 128 avg: 86.0 count: 74</message>
</record>
<record>
  <date>2013-10-21T14:32:01</date>
  <millis>1382362321540</millis>
  <sequence>4222</sequence>
  <logger>se.sics.tac.aw.TACMessage</logger>
  <level>FINEST</level>
  <class>se.sics.tac.aw.TACMessage</class>
  <method>setReceivedMessage</method>
  <thread>18</thread>
  <message>submitting bid (submitBid) to auction 27 (Museum 4)</message>
</record>
<record>
  <date>2013-10-21T14:32:01</date>
  <millis>1382362321540</millis>
  <sequence>4223</sequence>
  <logger>se.sics.tac.aw.TACMessage</logger>
  <level>FINEST</level>
  <class>se.sics.tac.aw.TACMessage</class>
  <method>setReceivedMessage</method>
  <thread>18</thread>
  <message>XML out: '&lt;submitBid&gt;&lt;auctionID&gt;52640&lt;/auctionID&gt;&lt;bidString&gt;((1 50.159306))&lt;/bidString&gt;&lt;expireTime&gt;0&lt;/expireTime&gt;&lt;expireMode&gt;0&lt;/expireMode&gt;&lt;divisible&gt;1&lt;/divisible&gt;&lt;/submitBid&gt;'</message>
</record>
<record>
  <date>2013-10-21T14:32:01</date>
  <millis>1382362321541</millis>
  <sequence>4224</sequence>
  <logger>se.sics.tac.aw.TACMessage</logger>
  <level>FINEST</level>
  <class>se.sics.tac.aw.TACMessage</class>
  <method>setReceivedMessage</method>
  <thread>18</thread>
  <message>XML in: '&lt;?xml version="1.0"?&gt;&lt;submitBid&gt;&lt;bidID&gt;3674919&lt;/bidID&gt;&lt;bidHash&gt;((1 50.1593))&lt;/bidHash&gt;&lt;rejectReason&gt;0&lt;/rejectReason&gt;&lt;commandStatus&gt;0&lt;/commandStatus&gt;&lt;/submitBid&gt;' responseTime: 122 avg: 86.0 count: 75</message>
</record>
<record>
  <date>2013-10-21T14:32:01</date>
  <millis>1382362321541</millis>
  <sequence>4225</sequence>
  <logger>se.sics.tac.aw.TACMessage</logger>
  <level>FINEST</level>
  <class>se.sics.tac.aw.TACMessage</class>
  <method>setReceivedMessage</method>
  <thread>18</thread>
  <message>XML out: '&lt;bidInfo&gt;&lt;bidID&gt;3674912&lt;/bidID&gt;&lt;/bidInfo&gt;'</message>
</record>
<record>
  <date>2013-10-21T14:32:01</date>
  <millis>1382362321542</millis>
  <sequence>4226</sequence>
  <logger>se.sics.tac.aw.TACMessage</logger>
  <level>FINEST</level>
  <class>se.sics.tac.aw.TACMessage</class>
  <method>setReceivedMessage</method>
  <thread>18</thread>
  <message>XML in: '&lt;?xml version="1.0"?&gt;&lt;bidInfo&gt;&lt;bidString&gt;((1 50.1561))&lt;/bidString&gt;&lt;bidHash&gt;((1 50.1561))&lt;/bidHash&gt;&lt;rejectReason&gt;0&lt;/rejectReason&gt;&lt;processingState&gt;2&lt;/processingState&gt;&lt;timeProcessed&gt;1382362321&lt;/timeProcessed&gt;&lt;timeClosed&gt;0&lt;/timeClosed&gt;&lt;withdrawState&gt;0&lt;/withdrawState&gt;&lt;timeWithdrawRequest&gt;0&lt;/timeWithdrawRequest&gt;&lt;timeWithdraw&gt;0&lt;/timeWithdraw&gt;&lt;commandStatus&gt;0&lt;/commandStatus&gt;&lt;/bidInfo&gt;' responseTime: 16 avg: 85.0 count: 76</message>
</record>
<record>
  <date>2013-10-21T14:32:01</date>
  <millis>1382362321542</millis>
  <sequence>4227</sequence>
  <logger>se.sics.tac.aw.DummyAgent</logger>
  <level>FINE</level>
  <class>se.sics.tac.aw.DummyAgent</class>
  <method>bidUpdated</method>
  <thread>18</thread>
  <message>Bid Updated: id=3674912 auction=16 state=valid</message>
</record>
<record>
  <date>2013-10-21T14:32:01</date>
  <millis>1382362321542</millis>
  <sequence>4228</sequence>
  <logger>se.sics.tac.aw.DummyAgent</logger>
  <level>FINE</level>
  <class>se.sics.tac.aw.DummyAgent</class>
  <method>bidUpdated</method>
  <thread>18</thread>
  <message>       Hash: ((1 50.1561))</message>
</record>
<record>
  <date>2013-10-21T14:32:01</date>
  <millis>1382362321542</millis>
  <sequence>4229</sequence>
  <logger>se.sics.tac.aw.TACMessage</logger>
  <level>FINEST</level>
  <class>se.sics.tac.aw.TACMessage</class>
  <method>setReceivedMessage</method>
  <thread>18</thread>
  <message>XML out: '&lt;bidInfo&gt;&lt;bidID&gt;3674913&lt;/bidID&gt;&lt;/bidInfo&gt;'</message>
</record>
<record>
  <date>2013-10-21T14:32:01</date>
  <millis>1382362321543</millis>
  <sequence>4230</sequence>
  <logger>se.sics.tac.aw.TACMessage</logger>
  <level>FINEST</level>
  <class>se.sics.tac.aw.TACMessage</class>
  <method>setReceivedMessage</method>
  <thread>18</thread>
  <message>XML in: '&lt;?xml version="1.0"?&gt;&lt;bidInfo&gt;&lt;bidString&gt;((2 50.1561))&lt;/bidString&gt;&lt;bidHash&gt;((2 50.1561))&lt;/bidHash&gt;&lt;rejectReason&gt;0&lt;/rejectReason&gt;&lt;processingState&gt;2&lt;/processingState&gt;&lt;timeProcessed&gt;1382362321&lt;/timeProcessed&gt;&lt;timeClosed&gt;0&lt;/timeClosed&gt;&lt;withdrawState&gt;0&lt;/withdrawState&gt;&lt;timeWithdrawRequest&gt;0&lt;/timeWithdrawRequest&gt;&lt;timeWithdraw&gt;0&lt;/timeWithdraw&gt;&lt;commandStatus&gt;0&lt;/commandStatus&gt;&lt;/bidInfo&gt;' responseTime: 8 avg: 84.0 count: 77</message>
</record>
<record>
  <date>2013-10-21T14:32:01</date>
  <millis>1382362321543</millis>
  <sequence>4231</sequence>
  <logger>se.sics.tac.aw.DummyAgent</logger>
  <level>FINE</level>
  <class>se.sics.tac.aw.DummyAgent</class>
  <method>bidUpdated</method>
  <thread>18</thread>
  <message>Bid Updated: id=3674913 auction=17 state=valid</message>
</record>
<record>
  <date>2013-10-21T14:32:01</date>
  <millis>1382362321543</millis>
  <sequence>4232</sequence>
  <logger>se.sics.tac.aw.DummyAgent</logger>
  <level>FINE</level>
  <class>se.sics.tac.aw.DummyAgent</class>
  <method>bidUpdated</method>
  <thread>18</thread>
  <message>       Hash: ((2 50.1561))</message>
</record>
<record>
  <date>2013-10-21T14:32:01</date>
  <millis>1382362321547</millis>
  <sequence>4233</sequence>
  <logger>se.sics.tac.aw.TACMessage</logger>
  <level>FINEST</level>
  <class>se.sics.tac.aw.TACMessage</class>
  <method>setReceivedMessage</method>
  <thread>18</thread>
  <message>XML out: '&lt;bidInfo&gt;&lt;bidID&gt;3674914&lt;/bidID&gt;&lt;/bidInfo&gt;'</message>
</record>
<record>
  <date>2013-10-21T14:32:01</date>
  <millis>1382362321547</millis>
  <sequence>4234</sequence>
  <logger>se.sics.tac.aw.TACMessage</logger>
  <level>FINEST</level>
  <class>se.sics.tac.aw.TACMessage</class>
  <method>setReceivedMessage</method>
  <thread>18</thread>
  <message>XML in: '&lt;?xml version="1.0"?&gt;&lt;bidInfo&gt;&lt;bidString&gt;((-1 199.8125))&lt;/bidString&gt;&lt;bidHash&gt;((-1 199.8125))&lt;/bidHash&gt;&lt;rejectReason&gt;0&lt;/rejectReason&gt;&lt;processingState&gt;2&lt;/processingState&gt;&lt;timeProcessed&gt;1382362321&lt;/timeProcessed&gt;&lt;timeClosed&gt;0&lt;/timeClosed&gt;&lt;withdrawState&gt;0&lt;/withdrawState&gt;&lt;timeWithdrawRequest&gt;0&lt;/timeWithdrawRequest&gt;&lt;timeWithdraw&gt;0&lt;/timeWithdraw&gt;&lt;commandStatus&gt;0&lt;/commandStatus&gt;&lt;/bidInfo&gt;' responseTime: 12 avg: 83.0 count: 78</message>
</record>
<record>
  <date>2013-10-21T14:32:01</date>
  <millis>1382362321548</millis>
  <sequence>4235</sequence>
  <logger>se.sics.tac.aw.DummyAgent</logger>
  <level>FINE</level>
  <class>se.sics.tac.aw.DummyAgent</class>
  <method>bidUpdated</method>
  <thread>18</thread>
  <message>Bid Updated: id=3674914 auction=19 state=valid</message>
</record>
<record>
  <date>2013-10-21T14:32:01</date>
  <millis>1382362321548</millis>
  <sequence>4236</sequence>
  <logger>se.sics.tac.aw.DummyAgent</logger>
  <level>FINE</level>
  <class>se.sics.tac.aw.DummyAgent</class>
  <method>bidUpdated</method>
  <thread>18</thread>
  <message>       Hash: ((-1 199.8125))</message>
</record>
<record>
  <date>2013-10-21T14:32:01</date>
  <millis>1382362321559</millis>
  <sequence>4237</sequence>
  <logger>se.sics.tac.aw.TACMessage</logger>
  <level>FINEST</level>
  <class>se.sics.tac.aw.TACMessage</class>
  <method>setReceivedMessage</method>
  <thread>18</thread>
  <message>XML out: '&lt;bidInfo&gt;&lt;bidID&gt;3674915&lt;/bidID&gt;&lt;/bidInfo&gt;'</message>
</record>
<record>
  <date>2013-10-21T14:32:01</date>
  <millis>1382362321559</millis>
  <sequence>4238</sequence>
  <logger>se.sics.tac.aw.TACMessage</logger>
  <level>FINEST</level>
  <class>se.sics.tac.aw.TACMessage</class>
  <method>setReceivedMessage</method>
  <thread>18</thread>
  <message>XML in: '&lt;?xml version="1.0"?&gt;&lt;bidInfo&gt;&lt;bidString&gt;((-3 199.8112))&lt;/bidString&gt;&lt;bidHash&gt;((-3 199.8112))&lt;/bidHash&gt;&lt;rejectReason&gt;0&lt;/rejectReason&gt;&lt;processingState&gt;2&lt;/processingState&gt;&lt;timeProcessed&gt;1382362321&lt;/timeProcessed&gt;&lt;timeClosed&gt;0&lt;/timeClosed&gt;&lt;withdrawState&gt;0&lt;/withdrawState&gt;&lt;timeWithdrawRequest&gt;0&lt;/timeWithdrawRequest&gt;&lt;timeWithdraw&gt;0&lt;/timeWithdraw&gt;&lt;commandStatus&gt;0&lt;/commandStatus&gt;&lt;/bidInfo&gt;' responseTime: 24 avg: 82.0 count: 79</message>
</record>
<record>
  <date>2013-10-21T14:32:01</date>
  <millis>1382362321559</millis>
  <sequence>4239</sequence>
  <logger>se.sics.tac.aw.DummyAgent</logger>
  <level>FINE</level>
  <class>se.sics.tac.aw.DummyAgent</class>
  <method>bidUpdated</method>
  <thread>18</thread>
  <message>Bid Updated: id=3674915 auction=22 state=valid</message>
</record>
<record>
  <date>2013-10-21T14:32:01</date>
  <millis>1382362321559</millis>
  <sequence>4240</sequence>
  <logger>se.sics.tac.aw.DummyAgent</logger>
  <level>FINE</level>
  <class>se.sics.tac.aw.DummyAgent</class>
  <method>bidUpdated</method>
  <thread>18</thread>
  <message>       Hash: ((-3 199.8112))</message>
</record>
<record>
  <date>2013-10-21T14:32:01</date>
  <millis>1382362321560</millis>
  <sequence>4241</sequence>
  <logger>se.sics.tac.aw.TACMessage</logger>
  <level>FINEST</level>
  <class>se.sics.tac.aw.TACMessage</class>
  <method>setReceivedMessage</method>
  <thread>18</thread>
  <message>XML out: '&lt;bidInfo&gt;&lt;bidID&gt;3674916&lt;/bidID&gt;&lt;/bidInfo&gt;'</message>
</record>
<record>
  <date>2013-10-21T14:32:01</date>
  <millis>1382362321560</millis>
  <sequence>4242</sequence>
  <logger>se.sics.tac.aw.TACMessage</logger>
  <level>FINEST</level>
  <class>se.sics.tac.aw.TACMessage</class>
  <method>setReceivedMessage</method>
  <thread>18</thread>
  <message>XML in: '&lt;?xml version="1.0"?&gt;&lt;bidInfo&gt;&lt;bidString&gt;((1 50.1575))&lt;/bidString&gt;&lt;bidHash&gt;((1 50.1575))&lt;/bidHash&gt;&lt;rejectReason&gt;0&lt;/rejectReason&gt;&lt;processingState&gt;2&lt;/processingState&gt;&lt;timeProcessed&gt;1382362321&lt;/timeProcessed&gt;&lt;timeClosed&gt;0&lt;/timeClosed&gt;&lt;withdrawState&gt;0&lt;/withdrawState&gt;&lt;timeWithdrawRequest&gt;0&lt;/timeWithdrawRequest&gt;&lt;timeWithdraw&gt;0&lt;/timeWithdraw&gt;&lt;commandStatus&gt;0&lt;/commandStatus&gt;&lt;/bidInfo&gt;' responseTime: 25 avg: 82.0 count: 80</message>
</record>
<record>
  <date>2013-10-21T14:32:01</date>
  <millis>1382362321560</millis>
  <sequence>4243</sequence>
  <logger>se.sics.tac.aw.DummyAgent</logger>
  <level>FINE</level>
  <class>se.sics.tac.aw.DummyAgent</class>
  <method>bidUpdated</method>
  <thread>18</thread>
  <message>Bid Updated: id=3674916 auction=23 state=valid</message>
</record>
<record>
  <date>2013-10-21T14:32:01</date>
  <millis>1382362321560</millis>
  <sequence>4244</sequence>
  <logger>se.sics.tac.aw.DummyAgent</logger>
  <level>FINE</level>
  <class>se.sics.tac.aw.DummyAgent</class>
  <method>bidUpdated</method>
  <thread>18</thread>
  <message>       Hash: ((1 50.1575))</message>
</record>
<record>
  <date>2013-10-21T14:32:01</date>
  <millis>1382362321560</millis>
  <sequence>4245</sequence>
  <logger>se.sics.tac.aw.TACMessage</logger>
  <level>FINEST</level>
  <class>se.sics.tac.aw.TACMessage</class>
  <method>setReceivedMessage</method>
  <thread>18</thread>
  <message>XML out: '&lt;bidInfo&gt;&lt;bidID&gt;3674917&lt;/bidID&gt;&lt;/bidInfo&gt;'</message>
</record>
<record>
  <date>2013-10-21T14:32:01</date>
  <millis>1382362321561</millis>
  <sequence>4246</sequence>
  <logger>se.sics.tac.aw.TACMessage</logger>
  <level>FINEST</level>
  <class>se.sics.tac.aw.TACMessage</class>
  <method>setReceivedMessage</method>
  <thread>18</thread>
  <message>XML in: '&lt;?xml version="1.0"?&gt;&lt;bidInfo&gt;&lt;bidString&gt;((-3 199.8103))&lt;/bidString&gt;&lt;bidHash&gt;((-3 199.8103))&lt;/bidHash&gt;&lt;rejectReason&gt;0&lt;/rejectReason&gt;&lt;processingState&gt;2&lt;/processingState&gt;&lt;timeProcessed&gt;1382362321&lt;/timeProcessed&gt;&lt;timeClosed&gt;0&lt;/timeClosed&gt;&lt;withdrawState&gt;0&lt;/withdrawState&gt;&lt;timeWithdrawRequest&gt;0&lt;/timeWithdrawRequest&gt;&lt;timeWithdraw&gt;0&lt;/timeWithdraw&gt;&lt;commandStatus&gt;0&lt;/commandStatus&gt;&lt;/bidInfo&gt;' responseTime: 24 avg: 81.0 count: 81</message>
</record>
<record>
  <date>2013-10-21T14:32:01</date>
  <millis>1382362321561</millis>
  <sequence>4247</sequence>
  <logger>se.sics.tac.aw.DummyAgent</logger>
  <level>FINE</level>
  <class>se.sics.tac.aw.DummyAgent</class>
  <method>bidUpdated</method>
  <thread>18</thread>
  <message>Bid Updated: id=3674917 auction=24 state=valid</message>
</record>
<record>
  <date>2013-10-21T14:32:01</date>
  <millis>1382362321561</millis>
  <sequence>4248</sequence>
  <logger>se.sics.tac.aw.DummyAgent</logger>
  <level>FINE</level>
  <class>se.sics.tac.aw.DummyAgent</class>
  <method>bidUpdated</method>
  <thread>18</thread>
  <message>       Hash: ((-3 199.8103))</message>
</record>
<record>
  <date>2013-10-21T14:32:01</date>
  <millis>1382362321585</millis>
  <sequence>4249</sequence>
  <logger>se.sics.tac.aw.TACMessage</logger>
  <level>FINEST</level>
  <class>se.sics.tac.aw.TACMessage</class>
  <method>setReceivedMessage</method>
  <thread>18</thread>
  <message>XML out: '&lt;bidInfo&gt;&lt;bidID&gt;3674918&lt;/bidID&gt;&lt;/bidInfo&gt;'</message>
</record>
<record>
  <date>2013-10-21T14:32:01</date>
  <millis>1382362321586</millis>
  <sequence>4250</sequence>
  <logger>se.sics.tac.aw.TACMessage</logger>
  <level>FINEST</level>
  <class>se.sics.tac.aw.TACMessage</class>
  <method>setReceivedMessage</method>
  <thread>18</thread>
  <message>XML in: '&lt;?xml version="1.0"?&gt;&lt;bidInfo&gt;&lt;bidString&gt;((-2 199.8098))&lt;/bidString&gt;&lt;bidHash&gt;((-2 199.8098))&lt;/bidHash&gt;&lt;rejectReason&gt;0&lt;/rejectReason&gt;&lt;processingState&gt;2&lt;/processingState&gt;&lt;timeProcessed&gt;1382362321&lt;/timeProcessed&gt;&lt;timeClosed&gt;0&lt;/timeClosed&gt;&lt;withdrawState&gt;0&lt;/withdrawState&gt;&lt;timeWithdrawRequest&gt;0&lt;/timeWithdrawRequest&gt;&lt;timeWithdraw&gt;0&lt;/timeWithdraw&gt;&lt;commandStatus&gt;0&lt;/commandStatus&gt;&lt;/bidInfo&gt;' responseTime: 45 avg: 81.0 count: 82</message>
</record>
<record>
  <date>2013-10-21T14:32:01</date>
  <millis>1382362321586</millis>
  <sequence>4251</sequence>
  <logger>se.sics.tac.aw.DummyAgent</logger>
  <level>FINE</level>
  <class>se.sics.tac.aw.DummyAgent</class>
  <method>bidUpdated</method>
  <thread>18</thread>
  <message>Bid Updated: id=3674918 auction=25 state=valid</message>
</record>
<record>
  <date>2013-10-21T14:32:01</date>
  <millis>1382362321586</millis>
  <sequence>4252</sequence>
  <logger>se.sics.tac.aw.DummyAgent</logger>
  <level>FINE</level>
  <class>se.sics.tac.aw.DummyAgent</class>
  <method>bidUpdated</method>
  <thread>18</thread>
  <message>       Hash: ((-2 199.8098))</message>
</record>
<record>
  <date>2013-10-21T14:32:01</date>
  <millis>1382362321586</millis>
  <sequence>4253</sequence>
  <logger>se.sics.tac.aw.TACMessage</logger>
  <level>FINEST</level>
  <class>se.sics.tac.aw.TACMessage</class>
  <method>setReceivedMessage</method>
  <thread>18</thread>
  <message>XML out: '&lt;bidInfo&gt;&lt;bidID&gt;3674919&lt;/bidID&gt;&lt;/bidInfo&gt;'</message>
</record>
<record>
  <date>2013-10-21T14:32:01</date>
  <millis>1382362321586</millis>
  <sequence>4254</sequence>
  <logger>se.sics.tac.aw.TACMessage</logger>
  <level>FINEST</level>
  <class>se.sics.tac.aw.TACMessage</class>
  <method>setReceivedMessage</method>
  <thread>18</thread>
  <message>XML in: '&lt;?xml version="1.0"?&gt;&lt;bidInfo&gt;&lt;bidString&gt;((1 50.1593))&lt;/bidString&gt;&lt;bidHash&gt;((1 50.1593))&lt;/bidHash&gt;&lt;rejectReason&gt;0&lt;/rejectReason&gt;&lt;processingState&gt;2&lt;/processingState&gt;&lt;timeProcessed&gt;1382362321&lt;/timeProcessed&gt;&lt;timeClosed&gt;0&lt;/timeClosed&gt;&lt;withdrawState&gt;0&lt;/withdrawState&gt;&lt;timeWithdrawRequest&gt;0&lt;/timeWithdrawRequest&gt;&lt;timeWithdraw&gt;0&lt;/timeWithdraw&gt;&lt;commandStatus&gt;0&lt;/commandStatus&gt;&lt;/bidInfo&gt;' responseTime: 45 avg: 80.0 count: 83</message>
</record>
<record>
  <date>2013-10-21T14:32:01</date>
  <millis>1382362321586</millis>
  <sequence>4255</sequence>
  <logger>se.sics.tac.aw.DummyAgent</logger>
  <level>FINE</level>
  <class>se.sics.tac.aw.DummyAgent</class>
  <method>bidUpdated</method>
  <thread>18</thread>
  <message>Bid Updated: id=3674919 auction=27 state=valid</message>
</record>
<record>
  <date>2013-10-21T14:32:01</date>
  <millis>1382362321587</millis>
  <sequence>4256</sequence>
  <logger>se.sics.tac.aw.DummyAgent</logger>
  <level>FINE</level>
  <class>se.sics.tac.aw.DummyAgent</class>
  <method>bidUpdated</method>
  <thread>18</thread>
  <message>       Hash: ((1 50.1593))</message>
</record>
<record>
  <date>2013-10-21T14:32:11</date>
  <millis>1382362331320</millis>
  <sequence>4257</sequence>
  <logger>se.sics.tac.aw.TACMessage</logger>
  <level>FINEST</level>
  <class>se.sics.tac.aw.TACMessage</class>
  <method>setReceivedMessage</method>
  <thread>18</thread>
  <message>requesting quotes for auction 0 (Inflight 1)</message>
</record>
<record>
  <date>2013-10-21T14:32:11</date>
  <millis>1382362331320</millis>
  <sequence>4258</sequence>
  <logger>se.sics.tac.aw.TACMessage</logger>
  <level>FINEST</level>
  <class>se.sics.tac.aw.TACMessage</class>
  <method>setReceivedMessage</method>
  <thread>18</thread>
  <message>XML out: '&lt;getQuote&gt;&lt;auctionID&gt;52613&lt;/auctionID&gt;&lt;/getQuote&gt;'</message>
</record>
<record>
  <date>2013-10-21T14:32:11</date>
  <millis>1382362331320</millis>
  <sequence>4259</sequence>
  <logger>se.sics.tac.aw.TACMessage</logger>
  <level>FINEST</level>
  <class>se.sics.tac.aw.TACMessage</class>
  <method>setReceivedMessage</method>
  <thread>18</thread>
  <message>XML in: '&lt;?xml version="1.0"?&gt;&lt;getQuote&gt;&lt;lastAskPrice&gt;267.0000&lt;/lastAskPrice&gt;&lt;lastBidPrice&gt;0.0000&lt;/lastBidPrice&gt;&lt;lastQuoteTime&gt;1382362330&lt;/lastQuoteTime&gt;&lt;nextQuoteTime&gt;1382362340&lt;/nextQuoteTime&gt;&lt;lastClearPrice&gt;274.0000&lt;/lastClearPrice&gt;&lt;lastClearTime&gt;1382362321&lt;/lastClearTime&gt;&lt;finalClearTime&gt;1382362860&lt;/finalClearTime&gt;&lt;nextClearTime&gt;0&lt;/nextClearTime&gt;&lt;hypotheticalQuantityWon&gt; &lt;/hypotheticalQuantityWon&gt;&lt;auctionStatus&gt;1&lt;/auctionStatus&gt;&lt;commandStatus&gt;0&lt;/commandStatus&gt;&lt;/getQuote&gt;' responseTime: 5 avg: 79.0 count: 84</message>
</record>
<record>
  <date>2013-10-21T14:32:11</date>
  <millis>1382362331320</millis>
  <sequence>4260</sequence>
  <logger>se.sics.tac.aw.DummyAgent</logger>
  <level>FINE</level>
  <class>se.sics.tac.aw.DummyAgent</class>
  <method>quoteUpdated</method>
  <thread>18</thread>
  <message>got quote for auction 0 with price 267.0( delta: -7.0)</message>
</record>
<record>
  <date>2013-10-21T14:32:11</date>
  <millis>1382362331323</millis>
  <sequence>4261</sequence>
  <logger>se.sics.tac.aw.TACMessage</logger>
  <level>FINEST</level>
  <class>se.sics.tac.aw.TACMessage</class>
  <method>setReceivedMessage</method>
  <thread>18</thread>
  <message>requesting quotes for auction 1 (Inflight 2)</message>
</record>
<record>
  <date>2013-10-21T14:32:11</date>
  <millis>1382362331323</millis>
  <sequence>4262</sequence>
  <logger>se.sics.tac.aw.TACMessage</logger>
  <level>FINEST</level>
  <class>se.sics.tac.aw.TACMessage</class>
  <method>setReceivedMessage</method>
  <thread>18</thread>
  <message>XML out: '&lt;getQuote&gt;&lt;auctionID&gt;52614&lt;/auctionID&gt;&lt;/getQuote&gt;'</message>
</record>
<record>
  <date>2013-10-21T14:32:11</date>
  <millis>1382362331323</millis>
  <sequence>4263</sequence>
  <logger>se.sics.tac.aw.TACMessage</logger>
  <level>FINEST</level>
  <class>se.sics.tac.aw.TACMessage</class>
  <method>setReceivedMessage</method>
  <thread>18</thread>
  <message>XML in: '&lt;?xml version="1.0"?&gt;&lt;getQuote&gt;&lt;lastAskPrice&gt;347.0000&lt;/lastAskPrice&gt;&lt;lastBidPrice&gt;0.0000&lt;/lastBidPrice&gt;&lt;lastQuoteTime&gt;1382362330&lt;/lastQuoteTime&gt;&lt;nextQuoteTime&gt;1382362340&lt;/nextQuoteTime&gt;&lt;lastClearPrice&gt;343.0000&lt;/lastClearPrice&gt;&lt;lastClearTime&gt;1382362321&lt;/lastClearTime&gt;&lt;finalClearTime&gt;1382362860&lt;/finalClearTime&gt;&lt;nextClearTime&gt;0&lt;/nextClearTime&gt;&lt;hypotheticalQuantityWon&gt; &lt;/hypotheticalQuantityWon&gt;&lt;auctionStatus&gt;1&lt;/auctionStatus&gt;&lt;commandStatus&gt;0&lt;/commandStatus&gt;&lt;/getQuote&gt;' responseTime: 8 avg: 78.0 count: 85</message>
</record>
<record>
  <date>2013-10-21T14:32:11</date>
  <millis>1382362331323</millis>
  <sequence>4264</sequence>
  <logger>se.sics.tac.aw.DummyAgent</logger>
  <level>FINE</level>
  <class>se.sics.tac.aw.DummyAgent</class>
  <method>quoteUpdated</method>
  <thread>18</thread>
  <message>got quote for auction 1 with price 347.0( delta: 4.0)</message>
</record>
<record>
  <date>2013-10-21T14:32:11</date>
  <millis>1382362331323</millis>
  <sequence>4265</sequence>
  <logger>se.sics.tac.aw.TACMessage</logger>
  <level>FINEST</level>
  <class>se.sics.tac.aw.TACMessage</class>
  <method>setReceivedMessage</method>
  <thread>18</thread>
  <message>requesting quotes for auction 2 (Inflight 3)</message>
</record>
<record>
  <date>2013-10-21T14:32:11</date>
  <millis>1382362331323</millis>
  <sequence>4266</sequence>
  <logger>se.sics.tac.aw.TACMessage</logger>
  <level>FINEST</level>
  <class>se.sics.tac.aw.TACMessage</class>
  <method>setReceivedMessage</method>
  <thread>18</thread>
  <message>XML out: '&lt;getQuote&gt;&lt;auctionID&gt;52615&lt;/auctionID&gt;&lt;/getQuote&gt;'</message>
</record>
<record>
  <date>2013-10-21T14:32:11</date>
  <millis>1382362331323</millis>
  <sequence>4267</sequence>
  <logger>se.sics.tac.aw.TACMessage</logger>
  <level>FINEST</level>
  <class>se.sics.tac.aw.TACMessage</class>
  <method>setReceivedMessage</method>
  <thread>18</thread>
  <message>XML in: '&lt;?xml version="1.0"?&gt;&lt;getQuote&gt;&lt;lastAskPrice&gt;386.0000&lt;/lastAskPrice&gt;&lt;lastBidPrice&gt;0.0000&lt;/lastBidPrice&gt;&lt;lastQuoteTime&gt;1382362330&lt;/lastQuoteTime&gt;&lt;nextQuoteTime&gt;1382362340&lt;/nextQuoteTime&gt;&lt;lastClearPrice&gt;0.0000&lt;/lastClearPrice&gt;&lt;lastClearTime&gt;0&lt;/lastClearTime&gt;&lt;finalClearTime&gt;1382362860&lt;/finalClearTime&gt;&lt;nextClearTime&gt;0&lt;/nextClearTime&gt;&lt;hypotheticalQuantityWon&gt; &lt;/hypotheticalQuantityWon&gt;&lt;auctionStatus&gt;1&lt;/auctionStatus&gt;&lt;commandStatus&gt;0&lt;/commandStatus&gt;&lt;/getQuote&gt;' responseTime: 8 avg: 78.0 count: 86</message>
</record>
<record>
  <date>2013-10-21T14:32:11</date>
  <millis>1382362331324</millis>
  <sequence>4268</sequence>
  <logger>se.sics.tac.aw.DummyAgent</logger>
  <level>FINE</level>
  <class>se.sics.tac.aw.DummyAgent</class>
  <method>quoteUpdated</method>
  <thread>18</thread>
  <message>got quote for auction 2 with price 386.0( delta: -3.0)</message>
</record>
<record>
  <date>2013-10-21T14:32:11</date>
  <millis>1382362331324</millis>
  <sequence>4269</sequence>
  <logger>se.sics.tac.aw.TACMessage</logger>
  <level>FINEST</level>
  <class>se.sics.tac.aw.TACMessage</class>
  <method>setReceivedMessage</method>
  <thread>18</thread>
  <message>requesting quotes for auction 3 (Inflight 4)</message>
</record>
<record>
  <date>2013-10-21T14:32:11</date>
  <millis>1382362331324</millis>
  <sequence>4270</sequence>
  <logger>se.sics.tac.aw.TACMessage</logger>
  <level>FINEST</level>
  <class>se.sics.tac.aw.TACMessage</class>
  <method>setReceivedMessage</method>
  <thread>18</thread>
  <message>XML out: '&lt;getQuote&gt;&lt;auctionID&gt;52616&lt;/auctionID&gt;&lt;/getQuote&gt;'</message>
</record>
<record>
  <date>2013-10-21T14:32:11</date>
  <millis>1382362331324</millis>
  <sequence>4271</sequence>
  <logger>se.sics.tac.aw.TACMessage</logger>
  <level>FINEST</level>
  <class>se.sics.tac.aw.TACMessage</class>
  <method>setReceivedMessage</method>
  <thread>18</thread>
  <message>XML in: '&lt;?xml version="1.0"?&gt;&lt;getQuote&gt;&lt;lastAskPrice&gt;313.0000&lt;/lastAskPrice&gt;&lt;lastBidPrice&gt;0.0000&lt;/lastBidPrice&gt;&lt;lastQuoteTime&gt;1382362330&lt;/lastQuoteTime&gt;&lt;nextQuoteTime&gt;1382362340&lt;/nextQuoteTime&gt;&lt;lastClearPrice&gt;317.0000&lt;/lastClearPrice&gt;&lt;lastClearTime&gt;1382362321&lt;/lastClearTime&gt;&lt;finalClearTime&gt;1382362860&lt;/finalClearTime&gt;&lt;nextClearTime&gt;0&lt;/nextClearTime&gt;&lt;hypotheticalQuantityWon&gt; &lt;/hypotheticalQuantityWon&gt;&lt;auctionStatus&gt;1&lt;/auctionStatus&gt;&lt;commandStatus&gt;0&lt;/commandStatus&gt;&lt;/getQuote&gt;' responseTime: 9 avg: 77.0 count: 87</message>
</record>
<record>
  <date>2013-10-21T14:32:11</date>
  <millis>1382362331324</millis>
  <sequence>4272</sequence>
  <logger>se.sics.tac.aw.DummyAgent</logger>
  <level>FINE</level>
  <class>se.sics.tac.aw.DummyAgent</class>
  <method>quoteUpdated</method>
  <thread>18</thread>
  <message>got quote for auction 3 with price 313.0( delta: -4.0)</message>
</record>
<record>
  <date>2013-10-21T14:32:11</date>
  <millis>1382362331325</millis>
  <sequence>4273</sequence>
  <logger>se.sics.tac.aw.TACMessage</logger>
  <level>FINEST</level>
  <class>se.sics.tac.aw.TACMessage</class>
  <method>setReceivedMessage</method>
  <thread>18</thread>
  <message>requesting quotes for auction 4 (Outflight 2)</message>
</record>
<record>
  <date>2013-10-21T14:32:11</date>
  <millis>1382362331325</millis>
  <sequence>4274</sequence>
  <logger>se.sics.tac.aw.TACMessage</logger>
  <level>FINEST</level>
  <class>se.sics.tac.aw.TACMessage</class>
  <method>setReceivedMessage</method>
  <thread>18</thread>
  <message>XML out: '&lt;getQuote&gt;&lt;auctionID&gt;52617&lt;/auctionID&gt;&lt;/getQuote&gt;'</message>
</record>
<record>
  <date>2013-10-21T14:32:11</date>
  <millis>1382362331325</millis>
  <sequence>4275</sequence>
  <logger>se.sics.tac.aw.TACMessage</logger>
  <level>FINEST</level>
  <class>se.sics.tac.aw.TACMessage</class>
  <method>setReceivedMessage</method>
  <thread>18</thread>
  <message>XML in: '&lt;?xml version="1.0"?&gt;&lt;getQuote&gt;&lt;lastAskPrice&gt;278.0000&lt;/lastAskPrice&gt;&lt;lastBidPrice&gt;0.0000&lt;/lastBidPrice&gt;&lt;lastQuoteTime&gt;1382362330&lt;/lastQuoteTime&gt;&lt;nextQuoteTime&gt;1382362340&lt;/nextQuoteTime&gt;&lt;lastClearPrice&gt;287.0000&lt;/lastClearPrice&gt;&lt;lastClearTime&gt;1382362321&lt;/lastClearTime&gt;&lt;finalClearTime&gt;1382362860&lt;/finalClearTime&gt;&lt;nextClearTime&gt;0&lt;/nextClearTime&gt;&lt;hypotheticalQuantityWon&gt; &lt;/hypotheticalQuantityWon&gt;&lt;auctionStatus&gt;1&lt;/auctionStatus&gt;&lt;commandStatus&gt;0&lt;/commandStatus&gt;&lt;/getQuote&gt;' responseTime: 10 avg: 76.0 count: 88</message>
</record>
<record>
  <date>2013-10-21T14:32:11</date>
  <millis>1382362331325</millis>
  <sequence>4276</sequence>
  <logger>se.sics.tac.aw.DummyAgent</logger>
  <level>FINE</level>
  <class>se.sics.tac.aw.DummyAgent</class>
  <method>quoteUpdated</method>
  <thread>18</thread>
  <message>got quote for auction 4 with price 278.0( delta: -9.0)</message>
</record>
<record>
  <date>2013-10-21T14:32:11</date>
  <millis>1382362331325</millis>
  <sequence>4277</sequence>
  <logger>se.sics.tac.aw.TACMessage</logger>
  <level>FINEST</level>
  <class>se.sics.tac.aw.TACMessage</class>
  <method>setReceivedMessage</method>
  <thread>18</thread>
  <message>requesting quotes for auction 5 (Outflight 3)</message>
</record>
<record>
  <date>2013-10-21T14:32:11</date>
  <millis>1382362331325</millis>
  <sequence>4278</sequence>
  <logger>se.sics.tac.aw.TACMessage</logger>
  <level>FINEST</level>
  <class>se.sics.tac.aw.TACMessage</class>
  <method>setReceivedMessage</method>
  <thread>18</thread>
  <message>XML out: '&lt;getQuote&gt;&lt;auctionID&gt;52618&lt;/auctionID&gt;&lt;/getQuote&gt;'</message>
</record>
<record>
  <date>2013-10-21T14:32:11</date>
  <millis>1382362331325</millis>
  <sequence>4279</sequence>
  <logger>se.sics.tac.aw.TACMessage</logger>
  <level>FINEST</level>
  <class>se.sics.tac.aw.TACMessage</class>
  <method>setReceivedMessage</method>
  <thread>18</thread>
  <message>XML in: '&lt;?xml version="1.0"?&gt;&lt;getQuote&gt;&lt;lastAskPrice&gt;360.0000&lt;/lastAskPrice&gt;&lt;lastBidPrice&gt;0.0000&lt;/lastBidPrice&gt;&lt;lastQuoteTime&gt;1382362330&lt;/lastQuoteTime&gt;&lt;nextQuoteTime&gt;1382362340&lt;/nextQuoteTime&gt;&lt;lastClearPrice&gt;369.0000&lt;/lastClearPrice&gt;&lt;lastClearTime&gt;1382362321&lt;/lastClearTime&gt;&lt;finalClearTime&gt;1382362860&lt;/finalClearTime&gt;&lt;nextClearTime&gt;0&lt;/nextClearTime&gt;&lt;hypotheticalQuantityWon&gt; &lt;/hypotheticalQuantityWon&gt;&lt;auctionStatus&gt;1&lt;/auctionStatus&gt;&lt;commandStatus&gt;0&lt;/commandStatus&gt;&lt;/getQuote&gt;' responseTime: 10 avg: 75.0 count: 89</message>
</record>
<record>
  <date>2013-10-21T14:32:11</date>
  <millis>1382362331325</millis>
  <sequence>4280</sequence>
  <logger>se.sics.tac.aw.DummyAgent</logger>
  <level>FINE</level>
  <class>se.sics.tac.aw.DummyAgent</class>
  <method>quoteUpdated</method>
  <thread>18</thread>
  <message>got quote for auction 5 with price 360.0( delta: -9.0)</message>
</record>
<record>
  <date>2013-10-21T14:32:11</date>
  <millis>1382362331326</millis>
  <sequence>4281</sequence>
  <logger>se.sics.tac.aw.TACMessage</logger>
  <level>FINEST</level>
  <class>se.sics.tac.aw.TACMessage</class>
  <method>setReceivedMessage</method>
  <thread>18</thread>
  <message>requesting quotes for auction 6 (Outflight 4)</message>
</record>
<record>
  <date>2013-10-21T14:32:11</date>
  <millis>1382362331326</millis>
  <sequence>4282</sequence>
  <logger>se.sics.tac.aw.TACMessage</logger>
  <level>FINEST</level>
  <class>se.sics.tac.aw.TACMessage</class>
  <method>setReceivedMessage</method>
  <thread>18</thread>
  <message>XML out: '&lt;getQuote&gt;&lt;auctionID&gt;52619&lt;/auctionID&gt;&lt;/getQuote&gt;'</message>
</record>
<record>
  <date>2013-10-21T14:32:11</date>
  <millis>1382362331326</millis>
  <sequence>4283</sequence>
  <logger>se.sics.tac.aw.TACMessage</logger>
  <level>FINEST</level>
  <class>se.sics.tac.aw.TACMessage</class>
  <method>setReceivedMessage</method>
  <thread>18</thread>
  <message>XML in: '&lt;?xml version="1.0"?&gt;&lt;getQuote&gt;&lt;lastAskPrice&gt;280.0000&lt;/lastAskPrice&gt;&lt;lastBidPrice&gt;0.0000&lt;/lastBidPrice&gt;&lt;lastQuoteTime&gt;1382362330&lt;/lastQuoteTime&gt;&lt;nextQuoteTime&gt;1382362340&lt;/nextQuoteTime&gt;&lt;lastClearPrice&gt;288.0000&lt;/lastClearPrice&gt;&lt;lastClearTime&gt;1382362321&lt;/lastClearTime&gt;&lt;finalClearTime&gt;1382362860&lt;/finalClearTime&gt;&lt;nextClearTime&gt;0&lt;/nextClearTime&gt;&lt;hypotheticalQuantityWon&gt; &lt;/hypotheticalQuantityWon&gt;&lt;auctionStatus&gt;1&lt;/auctionStatus&gt;&lt;commandStatus&gt;0&lt;/commandStatus&gt;&lt;/getQuote&gt;' responseTime: 11 avg: 75.0 count: 90</message>
</record>
<record>
  <date>2013-10-21T14:32:11</date>
  <millis>1382362331327</millis>
  <sequence>4284</sequence>
  <logger>se.sics.tac.aw.DummyAgent</logger>
  <level>FINE</level>
  <class>se.sics.tac.aw.DummyAgent</class>
  <method>quoteUpdated</method>
  <thread>18</thread>
  <message>got quote for auction 6 with price 280.0( delta: -8.0)</message>
</record>
<record>
  <date>2013-10-21T14:32:11</date>
  <millis>1382362331327</millis>
  <sequence>4285</sequence>
  <logger>se.sics.tac.aw.TACMessage</logger>
  <level>FINEST</level>
  <class>se.sics.tac.aw.TACMessage</class>
  <method>setReceivedMessage</method>
  <thread>18</thread>
  <message>requesting quotes for auction 7 (Outflight 5)</message>
</record>
<record>
  <date>2013-10-21T14:32:11</date>
  <millis>1382362331327</millis>
  <sequence>4286</sequence>
  <logger>se.sics.tac.aw.TACMessage</logger>
  <level>FINEST</level>
  <class>se.sics.tac.aw.TACMessage</class>
  <method>setReceivedMessage</method>
  <thread>18</thread>
  <message>XML out: '&lt;getQuote&gt;&lt;auctionID&gt;52620&lt;/auctionID&gt;&lt;/getQuote&gt;'</message>
</record>
<record>
  <date>2013-10-21T14:32:11</date>
  <millis>1382362331327</millis>
  <sequence>4287</sequence>
  <logger>se.sics.tac.aw.TACMessage</logger>
  <level>FINEST</level>
  <class>se.sics.tac.aw.TACMessage</class>
  <method>setReceivedMessage</method>
  <thread>18</thread>
  <message>XML in: '&lt;?xml version="1.0"?&gt;&lt;getQuote&gt;&lt;lastAskPrice&gt;282.0000&lt;/lastAskPrice&gt;&lt;lastBidPrice&gt;0.0000&lt;/lastBidPrice&gt;&lt;lastQuoteTime&gt;1382362330&lt;/lastQuoteTime&gt;&lt;nextQuoteTime&gt;1382362340&lt;/nextQuoteTime&gt;&lt;lastClearPrice&gt;291.0000&lt;/lastClearPrice&gt;&lt;lastClearTime&gt;1382362321&lt;/lastClearTime&gt;&lt;finalClearTime&gt;1382362860&lt;/finalClearTime&gt;&lt;nextClearTime&gt;0&lt;/nextClearTime&gt;&lt;hypotheticalQuantityWon&gt; &lt;/hypotheticalQuantityWon&gt;&lt;auctionStatus&gt;1&lt;/auctionStatus&gt;&lt;commandStatus&gt;0&lt;/commandStatus&gt;&lt;/getQuote&gt;' responseTime: 12 avg: 74.0 count: 91</message>
</record>
<record>
  <date>2013-10-21T14:32:11</date>
  <millis>1382362331327</millis>
  <sequence>4288</sequence>
  <logger>se.sics.tac.aw.DummyAgent</logger>
  <level>FINE</level>
  <class>se.sics.tac.aw.DummyAgent</class>
  <method>quoteUpdated</method>
  <thread>18</thread>
  <message>got quote for auction 7 with price 282.0( delta: -9.0)</message>
</record>
<record>
  <date>2013-10-21T14:32:11</date>
  <millis>1382362331327</millis>
  <sequence>4289</sequence>
  <logger>se.sics.tac.aw.DummyAgent</logger>
  <level>FINE</level>
  <class>se.sics.tac.aw.DummyAgent</class>
  <method>quoteUpdated</method>
  <thread>18</thread>
  <message>All quotes for flight have been updated</message>
</record>
<record>
  <date>2013-10-21T14:32:11</date>
  <millis>1382362331328</millis>
  <sequence>4290</sequence>
  <logger>se.sics.tac.aw.DummyAgent</logger>
  <level>FINE</level>
  <class>se.sics.tac.aw.DummyAgent</class>
  <method>quoteUpdated</method>
  <thread>18</thread>
  <message>Predicting future flight minima after 11 seconds</message>
</record>
<record>
  <date>2013-10-21T14:32:11</date>
  <millis>1382362331328</millis>
  <sequence>4291</sequence>
  <logger>se.sics.tac.aw.DummyAgent</logger>
  <level>FINE</level>
  <class>se.sics.tac.aw.DummyAgent</class>
  <method>flight_predictions</method>
  <thread>18</thread>
  <message>Calculating for flight 0; 0 values for z remain.</message>
</record>
<record>
  <date>2013-10-21T14:32:11</date>
  <millis>1382362331328</millis>
  <sequence>4292</sequence>
  <logger>se.sics.tac.aw.DummyAgent</logger>
  <level>FINE</level>
  <class>se.sics.tac.aw.DummyAgent</class>
  <method>flight_predictions</method>
  <thread>18</thread>
  <message>Calculating for flight 1; 0 values for z remain.</message>
</record>
<record>
  <date>2013-10-21T14:32:11</date>
  <millis>1382362331328</millis>
  <sequence>4293</sequence>
  <logger>se.sics.tac.aw.DummyAgent</logger>
  <level>FINE</level>
  <class>se.sics.tac.aw.DummyAgent</class>
  <method>flight_predictions</method>
  <thread>18</thread>
  <message>Calculating for flight 2; 0 values for z remain.</message>
</record>
<record>
  <date>2013-10-21T14:32:11</date>
  <millis>1382362331328</millis>
  <sequence>4294</sequence>
  <logger>se.sics.tac.aw.DummyAgent</logger>
  <level>FINE</level>
  <class>se.sics.tac.aw.DummyAgent</class>
  <method>flight_predictions</method>
  <thread>18</thread>
  <message>Calculating for flight 3; 0 values for z remain.</message>
</record>
<record>
  <date>2013-10-21T14:32:11</date>
  <millis>1382362331328</millis>
  <sequence>4295</sequence>
  <logger>se.sics.tac.aw.DummyAgent</logger>
  <level>FINE</level>
  <class>se.sics.tac.aw.DummyAgent</class>
  <method>flight_predictions</method>
  <thread>18</thread>
  <message>Calculating for flight 4; 0 values for z remain.</message>
</record>
<record>
  <date>2013-10-21T14:32:11</date>
  <millis>1382362331329</millis>
  <sequence>4296</sequence>
  <logger>se.sics.tac.aw.DummyAgent</logger>
  <level>FINE</level>
  <class>se.sics.tac.aw.DummyAgent</class>
  <method>flight_predictions</method>
  <thread>18</thread>
  <message>Calculating for flight 5; 0 values for z remain.</message>
</record>
<record>
  <date>2013-10-21T14:32:11</date>
  <millis>1382362331329</millis>
  <sequence>4297</sequence>
  <logger>se.sics.tac.aw.DummyAgent</logger>
  <level>FINE</level>
  <class>se.sics.tac.aw.DummyAgent</class>
  <method>flight_predictions</method>
  <thread>18</thread>
  <message>Calculating for flight 6; 0 values for z remain.</message>
</record>
<record>
  <date>2013-10-21T14:32:11</date>
  <millis>1382362331329</millis>
  <sequence>4298</sequence>
  <logger>se.sics.tac.aw.DummyAgent</logger>
  <level>FINE</level>
  <class>se.sics.tac.aw.DummyAgent</class>
  <method>flight_predictions</method>
  <thread>18</thread>
  <message>Calculating for flight 7; 0 values for z remain.</message>
</record>
<record>
  <date>2013-10-21T14:32:11</date>
  <millis>1382362331329</millis>
  <sequence>4299</sequence>
  <logger>se.sics.tac.aw.DummyAgent</logger>
  <level>FINE</level>
  <class>se.sics.tac.aw.DummyAgent</class>
  <method>quoteUpdated</method>
  <thread>18</thread>
  <message>Flight 0: current price is 267.0, expected minimum is 0.0</message>
</record>
<record>
  <date>2013-10-21T14:32:11</date>
  <millis>1382362331329</millis>
  <sequence>4300</sequence>
  <logger>se.sics.tac.aw.DummyAgent</logger>
  <level>FINE</level>
  <class>se.sics.tac.aw.DummyAgent</class>
  <method>quoteUpdated</method>
  <thread>18</thread>
  <message>Flight 1: current price is 347.0, expected minimum is 0.0</message>
</record>
<record>
  <date>2013-10-21T14:32:11</date>
  <millis>1382362331329</millis>
  <sequence>4301</sequence>
  <logger>se.sics.tac.aw.DummyAgent</logger>
  <level>FINE</level>
  <class>se.sics.tac.aw.DummyAgent</class>
  <method>quoteUpdated</method>
  <thread>18</thread>
  <message>Flight 2: current price is 386.0, expected minimum is 0.0</message>
</record>
<record>
  <date>2013-10-21T14:32:11</date>
  <millis>1382362331329</millis>
  <sequence>4302</sequence>
  <logger>se.sics.tac.aw.DummyAgent</logger>
  <level>FINE</level>
  <class>se.sics.tac.aw.DummyAgent</class>
  <method>quoteUpdated</method>
  <thread>18</thread>
  <message>Flight 3: current price is 313.0, expected minimum is 0.0</message>
</record>
<record>
  <date>2013-10-21T14:32:11</date>
  <millis>1382362331329</millis>
  <sequence>4303</sequence>
  <logger>se.sics.tac.aw.DummyAgent</logger>
  <level>FINE</level>
  <class>se.sics.tac.aw.DummyAgent</class>
  <method>quoteUpdated</method>
  <thread>18</thread>
  <message>Flight 4: current price is 278.0, expected minimum is 0.0</message>
</record>
<record>
  <date>2013-10-21T14:32:11</date>
  <millis>1382362331330</millis>
  <sequence>4304</sequence>
  <logger>se.sics.tac.aw.DummyAgent</logger>
  <level>FINE</level>
  <class>se.sics.tac.aw.DummyAgent</class>
  <method>quoteUpdated</method>
  <thread>18</thread>
  <message>Flight 5: current price is 360.0, expected minimum is 0.0</message>
</record>
<record>
  <date>2013-10-21T14:32:11</date>
  <millis>1382362331330</millis>
  <sequence>4305</sequence>
  <logger>se.sics.tac.aw.DummyAgent</logger>
  <level>FINE</level>
  <class>se.sics.tac.aw.DummyAgent</class>
  <method>quoteUpdated</method>
  <thread>18</thread>
  <message>Flight 6: current price is 280.0, expected minimum is 0.0</message>
</record>
<record>
  <date>2013-10-21T14:32:11</date>
  <millis>1382362331330</millis>
  <sequence>4306</sequence>
  <logger>se.sics.tac.aw.DummyAgent</logger>
  <level>FINE</level>
  <class>se.sics.tac.aw.DummyAgent</class>
  <method>quoteUpdated</method>
  <thread>18</thread>
  <message>Flight 7: current price is 282.0, expected minimum is 0.0</message>
</record>
</log>
